2025-08-16 00:35:31,525 - INFO - Veritabaný baþlatma ve güncelleme tamamlandý.
2025-08-16 00:35:36,182 - INFO - HTTP Request: POST https://api.telegram.org/bot8264141384:AAEBcEy-N4RSGaulL6t3VppVJURvRdxxxTc/getMe "HTTP/1.1 200 OK"
2025-08-16 00:35:36,254 - INFO - HTTP Request: POST https://api.telegram.org/bot8264141384:AAEBcEy-N4RSGaulL6t3VppVJURvRdxxxTc/deleteWebhook "HTTP/1.1 200 OK"
2025-08-16 00:35:36,255 - INFO - Scheduler started
2025-08-16 00:35:36,256 - INFO - Application started
2025-08-16 00:35:41,803 - INFO - HTTP Request: POST https://api.telegram.org/bot8264141384:AAEBcEy-N4RSGaulL6t3VppVJURvRdxxxTc/getUpdates "HTTP/1.1 200 OK"
2025-08-16 00:35:42,017 - INFO - HTTP Request: POST https://api.telegram.org/bot8264141384:AAEBcEy-N4RSGaulL6t3VppVJURvRdxxxTc/sendMessage "HTTP/1.1 200 OK"
2025-08-16 00:35:42,033 - INFO - Bilgi komutu kullanýldý. Chat ID: 986610683
2025-08-16 00:35:44,828 - INFO - HTTP Request: POST https://api.telegram.org/bot8264141384:AAEBcEy-N4RSGaulL6t3VppVJURvRdxxxTc/getUpdates "HTTP/1.1 200 OK"
2025-08-16 00:35:44,927 - INFO - HTTP Request: POST https://api.telegram.org/bot8264141384:AAEBcEy-N4RSGaulL6t3VppVJURvRdxxxTc/sendMessage "HTTP/1.1 200 OK"
2025-08-16 00:35:44,928 - INFO - Help komutu kullanýldý. Chat ID: 986610683
2025-08-16 00:35:55,017 - INFO - HTTP Request: POST https://api.telegram.org/bot8264141384:AAEBcEy-N4RSGaulL6t3VppVJURvRdxxxTc/getUpdates "HTTP/1.1 200 OK"
2025-08-16 00:36:05,169 - INFO - HTTP Request: POST https://api.telegram.org/bot8264141384:AAEBcEy-N4RSGaulL6t3VppVJURvRdxxxTc/getUpdates "HTTP/1.1 200 OK"
2025-08-16 00:36:05,222 - INFO - HTTP Request: POST https://api.telegram.org/bot8264141384:AAEBcEy-N4RSGaulL6t3VppVJURvRdxxxTc/getUpdates "HTTP/1.1 200 OK"
2025-08-16 00:36:05,222 - INFO - Application is stopping. This might take a moment.
2025-08-16 00:36:05,222 - INFO - Scheduler has been shut down
2025-08-16 00:36:05,222 - INFO - Application.stop() complete
2025-08-16 00:36:05,222 - CRITICAL - Bot ana döngüsünde beklenmeyen kritik hata: Event loop is closed
Traceback (most recent call last):
  File "E:\SmartKoinBot\SmartKoinBot.py", line 1133, in main
    loop.run_until_complete(app.run_polling(allowed_updates=Update.ALL_TYPES))
  File "C:\Users\bjksk\AppData\Local\Programs\Python\Python311\Lib\asyncio\base_events.py", line 629, in run_until_complete
    self._check_closed()
  File "C:\Users\bjksk\AppData\Local\Programs\Python\Python311\Lib\asyncio\base_events.py", line 520, in _check_closed
    raise RuntimeError('Event loop is closed')
RuntimeError: Event loop is closed
2025-08-16 00:36:05,288 - ERROR - Task was destroyed but it is pending!
task: <Task pending name='Task-4' coro=<send_periodic_signals() running at E:\SmartKoinBot\SmartKoinBot.py:862> wait_for=<Future pending cb=[Task.task_wakeup()]>>
2025-08-16 00:36:05,288 - ERROR - Task was destroyed but it is pending!
task: <Task pending name='Task-5' coro=<monitor_active_signals() running at E:\SmartKoinBot\SmartKoinBot.py:717> wait_for=<Future pending cb=[Task.task_wakeup()]>>
2025-08-16 00:38:20,745 - INFO - Veritabaný baþlatma ve güncelleme tamamlandý.
2025-08-16 00:38:22,753 - INFO - HTTP Request: POST https://api.telegram.org/bot8264141384:AAEBcEy-N4RSGaulL6t3VppVJURvRdxxxTc/getMe "HTTP/1.1 200 OK"
2025-08-16 00:38:22,813 - INFO - HTTP Request: POST https://api.telegram.org/bot8264141384:AAEBcEy-N4RSGaulL6t3VppVJURvRdxxxTc/deleteWebhook "HTTP/1.1 200 OK"
2025-08-16 00:38:22,815 - INFO - Scheduler started
2025-08-16 00:38:22,815 - INFO - Application started
2025-08-16 00:38:23,752 - INFO - HTTP Request: POST https://api.telegram.org/bot8264141384:AAEBcEy-N4RSGaulL6t3VppVJURvRdxxxTc/getUpdates "HTTP/1.1 200 OK"
2025-08-16 00:38:23,850 - INFO - HTTP Request: POST https://api.telegram.org/bot8264141384:AAEBcEy-N4RSGaulL6t3VppVJURvRdxxxTc/sendMessage "HTTP/1.1 200 OK"
2025-08-16 00:38:23,851 - WARNING - Yetkisiz sinyal isteði. Chat ID: 986610683
2025-08-16 00:38:28,194 - INFO - HTTP Request: POST https://api.telegram.org/bot8264141384:AAEBcEy-N4RSGaulL6t3VppVJURvRdxxxTc/getUpdates "HTTP/1.1 200 OK"
2025-08-16 00:38:28,221 - INFO - Kullanýcý vipkullanici (986610683) kaydedildi/güncellendi.
2025-08-16 00:38:28,310 - INFO - HTTP Request: POST https://api.telegram.org/bot8264141384:AAEBcEy-N4RSGaulL6t3VppVJURvRdxxxTc/sendMessage "HTTP/1.1 200 OK"
2025-08-16 00:38:28,312 - INFO - Yeni kullanýcý yetkilendirildi: vipkullanici (986610683)
2025-08-16 00:38:31,923 - INFO - HTTP Request: POST https://api.telegram.org/bot8264141384:AAEBcEy-N4RSGaulL6t3VppVJURvRdxxxTc/getUpdates "HTTP/1.1 200 OK"
2025-08-16 00:38:31,929 - INFO - Fiyat verisi çekiliyor: UNI/USDT 6h (limit: 100)
2025-08-16 00:38:32,300 - INFO - HTTP Request: POST https://api.telegram.org/bot8264141384:AAEBcEy-N4RSGaulL6t3VppVJURvRdxxxTc/getUpdates "HTTP/1.1 200 OK"
2025-08-16 00:38:33,118 - INFO - HTTP Request: POST https://api.telegram.org/bot8264141384:AAEBcEy-N4RSGaulL6t3VppVJURvRdxxxTc/getUpdates "HTTP/1.1 200 OK"
2025-08-16 00:38:33,182 - INFO - HTTP Request: POST https://api.telegram.org/bot8264141384:AAEBcEy-N4RSGaulL6t3VppVJURvRdxxxTc/getUpdates "HTTP/1.1 200 OK"
2025-08-16 00:38:43,173 - INFO - Veri çekme ve önbelleðe alma baþarýlý: UNI/USDT_6h
2025-08-16 00:38:43,244 - INFO - HTTP Request: POST https://api.telegram.org/bot8264141384:AAEBcEy-N4RSGaulL6t3VppVJURvRdxxxTc/getUpdates "HTTP/1.1 200 OK"
2025-08-16 00:38:43,390 - INFO - HTTP Request: POST https://api.telegram.org/bot8264141384:AAEBcEy-N4RSGaulL6t3VppVJURvRdxxxTc/sendMessage "HTTP/1.1 200 OK"
2025-08-16 00:38:43,390 - INFO - Sinyal üretilemedi: UNI/USDT (6h). Chat ID: 986610683
2025-08-16 00:38:43,390 - INFO - Fiyat verisi çekiliyor: XLM/USDT 6h (limit: 100)
2025-08-16 00:38:44,564 - INFO - Veri çekme ve önbelleðe alma baþarýlý: XLM/USDT_6h
2025-08-16 00:38:44,691 - INFO - HTTP Request: POST https://api.telegram.org/bot8264141384:AAEBcEy-N4RSGaulL6t3VppVJURvRdxxxTc/sendMessage "HTTP/1.1 200 OK"
2025-08-16 00:38:44,692 - INFO - Sinyal üretilemedi: XLM/USDT (6h). Chat ID: 986610683
2025-08-16 00:38:44,693 - INFO - Fiyat verisi çekiliyor: UNI/USDT 2h (limit: 100)
2025-08-16 00:38:45,892 - INFO - Veri çekme ve önbelleðe alma baþarýlý: UNI/USDT_2h
2025-08-16 00:38:45,909 - INFO - Þablon tabanlý yorum üretildi: ADX güçlü trend gösteriyor, satýþ yönünde hareket bekleniyor.
2025-08-16 00:38:45,992 - INFO - HTTP Request: POST https://api.telegram.org/bot8264141384:AAEBcEy-N4RSGaulL6t3VppVJURvRdxxxTc/sendMessage "HTTP/1.1 200 OK"
2025-08-16 00:38:46,015 - INFO - Sinyal DB'ye kaydedildi: ID 421 -> Chat 986610683/Msg 27
2025-08-16 00:38:46,579 - INFO - Sinyal 421 Excel'e kaydedildi/güncellendi: signals_2025-08.xlsx
2025-08-16 00:38:46,579 - INFO - Sinyal gönderildi: UNI/USDT (2h). Chat ID: 986610683
2025-08-16 00:38:46,583 - INFO - Fiyat verisi çekiliyor: ICP/USDT 2h (limit: 100)
2025-08-16 00:38:47,878 - INFO - Veri çekme ve önbelleðe alma baþarýlý: ICP/USDT_2h
2025-08-16 00:38:47,892 - INFO - Þablon tabanlý yorum üretildi: ADX güçlü trend gösteriyor, satýþ yönünde hareket bekleniyor.
2025-08-16 00:38:47,991 - INFO - HTTP Request: POST https://api.telegram.org/bot8264141384:AAEBcEy-N4RSGaulL6t3VppVJURvRdxxxTc/sendMessage "HTTP/1.1 200 OK"
2025-08-16 00:38:48,015 - INFO - Sinyal DB'ye kaydedildi: ID 422 -> Chat 986610683/Msg 28
2025-08-16 00:38:48,110 - INFO - Sinyal 422 Excel'e kaydedildi/güncellendi: signals_2025-08.xlsx
2025-08-16 00:38:48,110 - INFO - Sinyal gönderildi: ICP/USDT (2h). Chat ID: 986610683
2025-08-16 00:38:53,309 - INFO - HTTP Request: POST https://api.telegram.org/bot8264141384:AAEBcEy-N4RSGaulL6t3VppVJURvRdxxxTc/getUpdates "HTTP/1.1 200 OK"
2025-08-16 00:39:03,444 - INFO - HTTP Request: POST https://api.telegram.org/bot8264141384:AAEBcEy-N4RSGaulL6t3VppVJURvRdxxxTc/getUpdates "HTTP/1.1 200 OK"
2025-08-16 00:39:07,388 - INFO - Yanýt Tabanlý Sinyal Takip Mekanizmasý baþlatýldý.
2025-08-16 00:39:07,585 - INFO - HTTP Request: POST https://api.telegram.org/bot8264141384:AAEBcEy-N4RSGaulL6t3VppVJURvRdxxxTc/getUpdates "HTTP/1.1 200 OK"
2025-08-16 00:39:07,588 - INFO - Application is stopping. This might take a moment.
2025-08-16 00:39:07,588 - INFO - Scheduler has been shut down
2025-08-16 00:39:07,588 - INFO - Application.stop() complete
2025-08-16 00:39:07,588 - CRITICAL - Bot ana döngüsünde beklenmeyen kritik hata: Event loop is closed
Traceback (most recent call last):
  File "E:\SmartKoinBot\SmartKoinBot.py", line 1122, in main
    loop.run_until_complete(app.run_polling(allowed_updates=Update.ALL_TYPES))
  File "C:\Users\bjksk\AppData\Local\Programs\Python\Python311\Lib\asyncio\base_events.py", line 629, in run_until_complete
    self._check_closed()
  File "C:\Users\bjksk\AppData\Local\Programs\Python\Python311\Lib\asyncio\base_events.py", line 520, in _check_closed
    raise RuntimeError('Event loop is closed')
RuntimeError: Event loop is closed
2025-08-16 00:39:07,774 - ERROR - Task was destroyed but it is pending!
task: <Task pending name='Task-4' coro=<send_periodic_signals() running at E:\SmartKoinBot\SmartKoinBot.py:855> wait_for=<Future pending cb=[Task.task_wakeup()]>>
2025-08-16 00:39:07,774 - ERROR - Task was destroyed but it is pending!
task: <Task pending name='Task-67' coro=<Throttler.looper() done, defined at E:\SmartKoinBot\.venv\Lib\site-packages\ccxt\async_support\base\throttler.py:21> wait_for=<Future pending cb=[Task.task_wakeup()]>>
2025-08-16 00:39:07,968 - WARNING - binance requires to release all resources with an explicit call to the .close() coroutine. If you are using the exchange instance with async coroutines, add `await exchange.close()` to your code into a place when you're done with the exchange and don't need the exchange instance anymore (at the end of your async coroutine).
2025-08-16 00:39:07,968 - ERROR - Unclosed client session
client_session: <aiohttp.client.ClientSession object at 0x00000233ACF38090>
2025-08-16 00:39:07,977 - ERROR - Task was destroyed but it is pending!
task: <Task pending name='Task-5' coro=<monitor_active_signals() running at E:\SmartKoinBot\SmartKoinBot.py:743> wait_for=<Future pending cb=[Task.task_wakeup()]>>
2025-08-22 23:11:42,999 - INFO - Veritabaný baþlatma ve güncelleme tamamlandý.
2025-08-22 23:11:44,256 - INFO - HTTP Request: POST https://api.telegram.org/bot7818791938:AAHt8jbloyU-TdOyKBd_T172Eqyd1jKIUJo/getMe "HTTP/1.1 200 OK"
2025-08-22 23:11:44,310 - INFO - HTTP Request: POST https://api.telegram.org/bot7818791938:AAHt8jbloyU-TdOyKBd_T172Eqyd1jKIUJo/deleteWebhook "HTTP/1.1 200 OK"
2025-08-22 23:11:44,311 - INFO - Scheduler started
2025-08-22 23:11:44,311 - INFO - Application started
2025-08-22 23:11:54,465 - INFO - HTTP Request: POST https://api.telegram.org/bot7818791938:AAHt8jbloyU-TdOyKBd_T172Eqyd1jKIUJo/getUpdates "HTTP/1.1 200 OK"
2025-08-22 23:11:54,516 - INFO - HTTP Request: POST https://api.telegram.org/bot7818791938:AAHt8jbloyU-TdOyKBd_T172Eqyd1jKIUJo/getUpdates "HTTP/1.1 200 OK"
2025-08-22 23:11:54,517 - INFO - Application is stopping. This might take a moment.
2025-08-22 23:11:54,517 - INFO - Scheduler has been shut down
2025-08-22 23:11:54,517 - INFO - Application.stop() complete
2025-08-22 23:11:54,518 - CRITICAL - Bot ana döngüsünde beklenmeyen kritik hata: Event loop is closed
Traceback (most recent call last):
  File "E:\SmartKoinBot\SmartKoinBot.py", line 1122, in main
    loop.run_until_complete(app.run_polling(allowed_updates=Update.ALL_TYPES))
  File "C:\Users\bjksk\AppData\Local\Programs\Python\Python311\Lib\asyncio\base_events.py", line 629, in run_until_complete
    self._check_closed()
  File "C:\Users\bjksk\AppData\Local\Programs\Python\Python311\Lib\asyncio\base_events.py", line 520, in _check_closed
    raise RuntimeError('Event loop is closed')
RuntimeError: Event loop is closed
2025-08-22 23:11:54,590 - ERROR - Task was destroyed but it is pending!
task: <Task pending name='Task-4' coro=<send_periodic_signals() running at E:\SmartKoinBot\SmartKoinBot.py:855> wait_for=<Future pending cb=[Task.task_wakeup()]>>
2025-08-22 23:11:54,591 - ERROR - Task was destroyed but it is pending!
task: <Task pending name='Task-5' coro=<monitor_active_signals() running at E:\SmartKoinBot\SmartKoinBot.py:727> wait_for=<Future pending cb=[Task.task_wakeup()]>>
